D:\NEW_HM - COPY\DEBUG\HAPTICMASTERUDP.EXE
D:\NEW_HM - COPY\DEBUG\HAPTICMASTERUDP.ILK
D:\NEW_HM - COPY\DEBUG\HAPTICMASTERUDP.PDB
D:\new_hm - Copy\hapticmasterudp\Debug\cl.command.1.tlog
D:\new_hm - Copy\hapticmasterudp\Debug\CL.read.1.tlog
D:\new_hm - Copy\hapticmasterudp\Debug\CL.write.1.tlog
D:\new_hm - Copy\hapticmasterudp\Debug\hapticMasterUDP.exe
D:\NEW_HM - COPY\HAPTICMASTERUDP\DEBUG\HAPTICMASTERUDP.EXE.EMBED.MANIFEST
D:\NEW_HM - COPY\HAPTICMASTERUDP\DEBUG\HAPTICMASTERUDP.EXE.EMBED.MANIFEST.RES
D:\NEW_HM - COPY\HAPTICMASTERUDP\DEBUG\HAPTICMASTERUDP.EXE.INTERMEDIATE.MANIFEST
D:\new_hm - Copy\hapticmasterudp\Debug\hapticMasterUDP.ilk
D:\new_hm - Copy\hapticmasterudp\Debug\hapticMasterUDP.pdb
D:\NEW_HM - COPY\HAPTICMASTERUDP\DEBUG\HAPTICMASTERUDP.RES
D:\new_hm - Copy\hapticmasterudp\Debug\hapticMasterUDP_manifest.rc
D:\new_hm - Copy\hapticmasterudp\Debug\link.command.1.tlog
D:\new_hm - Copy\hapticmasterudp\Debug\link.read.1.tlog
D:\new_hm - Copy\hapticmasterudp\Debug\link.write.1.tlog
D:\new_hm - Copy\hapticmasterudp\Debug\link-cvtres.read.1.tlog
D:\new_hm - Copy\hapticmasterudp\Debug\link-cvtres.write.1.tlog
D:\new_hm - Copy\hapticmasterudp\Debug\mt.command.1.tlog
D:\new_hm - Copy\hapticmasterudp\Debug\mt.read.1.tlog
D:\new_hm - Copy\hapticmasterudp\Debug\mt.write.1.tlog
D:\NEW_HM - COPY\HAPTICMASTERUDP\DEBUG\PORRIDGEENVSETUP.OBJ
D:\new_hm - Copy\hapticmasterudp\Debug\rc.command.1.tlog
D:\new_hm - Copy\hapticmasterudp\Debug\rc.read.1.tlog
D:\new_hm - Copy\hapticmasterudp\Debug\rc.write.1.tlog
D:\NEW_HM - COPY\HAPTICMASTERUDP\DEBUG\TIMER.OBJ
D:\new_hm - Copy\hapticmasterudp\Debug\vc100.idb
D:\NEW_HM - COPY\HAPTICMASTERUDP\DEBUG\VC100.PDB
