Build started 16/04/2019 23:12:46.
     1>Project "D:\sawyerHapticEnvironment\sawyerHapticEnvironment.vcxproj" on node 2 (build target(s)).
     1>InitializeBuildStatus:
         Creating "Debug\sawyerHapticEnvironment.unsuccessfulbuild" because "AlwaysCreate" was specified.
       ClCompile:
         C:\Program Files (x86)\Microsoft Visual Studio 10.0\VC\bin\CL.exe /c /IGlut32 /ILibraries /Ilib /ZI /nologo /W3 /WX- /Od /Oy- /D WIN32 /D _DEBUG /D _CONSOLE /D _UNICODE /D UNICODE /Gm /EHsc /RTC1 /MDd /GS /fp:precise /Zc:wchar_t /Zc:forScope /Fo"Debug\\" /Fd"Debug\vc100.pdb" /Gd /TP /analyze- /errorReport:prompt porridgeEnvSetup.cpp
         porridgeEnvSetup.cpp
     1>d:\sawyerhapticenvironment\hapticmaster.h(102): warning C4996: 'sprintf': This function or variable may be unsafe. Consider using sprintf_s instead. To disable deprecation, use _CRT_SECURE_NO_WARNINGS. See online help for details.
                 c:\program files (x86)\microsoft visual studio 10.0\vc\include\stdio.h(371) : see declaration of 'sprintf'
     1>d:\sawyerhapticenvironment\hapticmaster.h(130): warning C4996: 'sprintf': This function or variable may be unsafe. Consider using sprintf_s instead. To disable deprecation, use _CRT_SECURE_NO_WARNINGS. See online help for details.
                 c:\program files (x86)\microsoft visual studio 10.0\vc\include\stdio.h(371) : see declaration of 'sprintf'
     1>d:\sawyerhapticenvironment\hapticmaster.h(159): warning C4996: 'sprintf': This function or variable may be unsafe. Consider using sprintf_s instead. To disable deprecation, use _CRT_SECURE_NO_WARNINGS. See online help for details.
                 c:\program files (x86)\microsoft visual studio 10.0\vc\include\stdio.h(371) : see declaration of 'sprintf'
     1>d:\sawyerhapticenvironment\hapticmaster.h(185): warning C4996: 'sprintf': This function or variable may be unsafe. Consider using sprintf_s instead. To disable deprecation, use _CRT_SECURE_NO_WARNINGS. See online help for details.
                 c:\program files (x86)\microsoft visual studio 10.0\vc\include\stdio.h(371) : see declaration of 'sprintf'
     1>d:\sawyerhapticenvironment\porridgeenvsetup.cpp(293): warning C4996: 'strdup': The POSIX name for this item is deprecated. Instead, use the ISO C++ conformant name: _strdup. See online help for details.
                 c:\program files (x86)\microsoft visual studio 10.0\vc\include\string.h(238) : see declaration of 'strdup'
     1>d:\sawyerhapticenvironment\porridgeenvsetup.cpp(335): warning C4996: 'strcpy': This function or variable may be unsafe. Consider using strcpy_s instead. To disable deprecation, use _CRT_SECURE_NO_WARNINGS. See online help for details.
                 c:\program files (x86)\microsoft visual studio 10.0\vc\include\string.h(105) : see declaration of 'strcpy'
       ResourceCompile:
         All outputs are up-to-date.
       ManifestResourceCompile:
         All outputs are up-to-date.
       Link:
         C:\Program Files (x86)\Microsoft Visual Studio 10.0\VC\bin\link.exe /ERRORREPORT:PROMPT /OUT:"D:\sawyerHapticEnvironment\Debug\sawyerHapticEnvironment.exe" /INCREMENTAL /NOLOGO /LIBPATH:Glut32 /LIBPATH:lib /LIBPATH:Libraries lib/HapticAPI.lib ws2_32.lib Glut32/glut32.lib lib/FcsOpenglD.lib kernel32.lib user32.lib gdi32.lib winspool.lib comdlg32.lib advapi32.lib shell32.lib ole32.lib oleaut32.lib uuid.lib odbc32.lib odbccp32.lib /MANIFEST /ManifestFile:"Debug\sawyerHapticEnvironment.exe.intermediate.manifest" /MANIFESTUAC:"level='asInvoker' uiAccess='false'" /DEBUG /PDB:"D:\sawyerHapticEnvironment\Debug\sawyerHapticEnvironment.pdb" /SUBSYSTEM:CONSOLE /TLBID:1 /DYNAMICBASE /NXCOMPAT /IMPLIB:"D:\sawyerHapticEnvironment\Debug\sawyerHapticEnvironment.lib" /MACHINE:X86 Debug\hapticMasterUDP.res
         Debug\sawyerHapticEnvironment.exe.embed.manifest.res
         Debug\porridgeEnvSetup.obj
         Debug\Timer.obj
       Manifest:
         C:\Program Files (x86)\Microsoft SDKs\Windows\v7.0A\bin\mt.exe /nologo /verbose /out:"Debug\sawyerHapticEnvironment.exe.embed.manifest" /manifest Debug\sawyerHapticEnvironment.exe.intermediate.manifest
         All outputs are up-to-date.
       LinkEmbedManifest:
         All outputs are up-to-date.
         sawyerHapticEnvironment.vcxproj -> D:\sawyerHapticEnvironment\Debug\sawyerHapticEnvironment.exe
       FinalizeBuildStatus:
         Deleting file "Debug\sawyerHapticEnvironment.unsuccessfulbuild".
         Touching "Debug\sawyerHapticEnvironment.lastbuildstate".
     1>Done Building Project "D:\sawyerHapticEnvironment\sawyerHapticEnvironment.vcxproj" (build target(s)).

Build succeeded.

Time Elapsed 00:00:01.07
