D:\new_hm - Copy\hapticmasterudp\Debug\cl.command.1.tlog
D:\new_hm - Copy\hapticmasterudp\Debug\CL.read.1.tlog
D:\new_hm - Copy\hapticmasterudp\Debug\CL.write.1.tlog
D:\NEW_HM - COPY\HAPTICMASTERUDP\DEBUG\HAPTICMASTERUDP.RES
D:\new_hm - Copy\hapticmasterudp\Debug\link.command.1.tlog
D:\new_hm - Copy\hapticmasterudp\Debug\link.read.1.tlog
D:\new_hm - Copy\hapticmasterudp\Debug\link.write.1.tlog
D:\new_hm - Copy\hapticmasterudp\Debug\link-cvtres.read.1.tlog
D:\new_hm - Copy\hapticmasterudp\Debug\link-cvtres.write.1.tlog
D:\new_hm - Copy\hapticmasterudp\Debug\mt.command.1.tlog
D:\new_hm - Copy\hapticmasterudp\Debug\mt.read.1.tlog
D:\new_hm - Copy\hapticmasterudp\Debug\mt.write.1.tlog
D:\NEW_HM - COPY\HAPTICMASTERUDP\DEBUG\PORRIDGEENVSETUP.OBJ
D:\new_hm - Copy\hapticmasterudp\Debug\rc.command.1.tlog
D:\new_hm - Copy\hapticmasterudp\Debug\rc.read.1.tlog
D:\new_hm - Copy\hapticmasterudp\Debug\rc.write.1.tlog
D:\NEW_HM - COPY\HAPTICMASTERUDP\DEBUG\SAWYERVIRTUALENV.EXE
D:\NEW_HM - COPY\HAPTICMASTERUDP\DEBUG\SAWYERVIRTUALENV.EXE.EMBED.MANIFEST
D:\NEW_HM - COPY\HAPTICMASTERUDP\DEBUG\SAWYERVIRTUALENV.EXE.EMBED.MANIFEST.RES
D:\NEW_HM - COPY\HAPTICMASTERUDP\DEBUG\SAWYERVIRTUALENV.EXE.INTERMEDIATE.MANIFEST
D:\NEW_HM - COPY\HAPTICMASTERUDP\DEBUG\SAWYERVIRTUALENV.ILK
D:\NEW_HM - COPY\HAPTICMASTERUDP\DEBUG\SAWYERVIRTUALENV.PDB
D:\new_hm - Copy\hapticmasterudp\Debug\sawyerVirtualEnv_manifest.rc
D:\NEW_HM - COPY\HAPTICMASTERUDP\DEBUG\TIMER.OBJ
D:\new_hm - Copy\hapticmasterudp\Debug\vc100.idb
D:\NEW_HM - COPY\HAPTICMASTERUDP\DEBUG\VC100.PDB
