D:\NEW_HM - COPY\SAWYERHAPTICENVIRONMENT\DEBUG\HAPTICMASTERUDP.RES
D:\NEW_HM - COPY\SAWYERHAPTICENVIRONMENT\DEBUG\PORRIDGEENVSETUP.OBJ
D:\NEW_HM - COPY\SAWYERHAPTICENVIRONMENT\DEBUG\SAWYERHAPTICENVIRONMENT.EXE
D:\NEW_HM - COPY\SAWYERHAPTICENVIRONMENT\DEBUG\SAWYERHAPTICENVIRONMENT.EXE.EMBED.MANIFEST
D:\NEW_HM - COPY\SAWYERHAPTICENVIRONMENT\DEBUG\SAWYERHAPTICENVIRONMENT.EXE.EMBED.MANIFEST.RES
D:\NEW_HM - COPY\SAWYERHAPTICENVIRONMENT\DEBUG\SAWYERHAPTICENVIRONMENT.EXE.INTERMEDIATE.MANIFEST
D:\NEW_HM - COPY\SAWYERHAPTICENVIRONMENT\DEBUG\SAWYERHAPTICENVIRONMENT.ILK
D:\NEW_HM - COPY\SAWYERHAPTICENVIRONMENT\DEBUG\SAWYERHAPTICENVIRONMENT.PDB
D:\NEW_HM - COPY\SAWYERHAPTICENVIRONMENT\DEBUG\TIMER.OBJ
D:\NEW_HM - COPY\SAWYERHAPTICENVIRONMENT\DEBUG\VC100.PDB
D:\sawyerHapticEnvironment\Debug\cl.command.1.tlog
D:\sawyerHapticEnvironment\Debug\CL.read.1.tlog
D:\sawyerHapticEnvironment\Debug\CL.write.1.tlog
D:\sawyerHapticEnvironment\Debug\hapticMasterUDP.res
D:\sawyerHapticEnvironment\Debug\link.command.1.tlog
D:\sawyerHapticEnvironment\Debug\link.read.1.tlog
D:\sawyerHapticEnvironment\Debug\link.write.1.tlog
D:\sawyerHapticEnvironment\Debug\link-cvtres.read.1.tlog
D:\sawyerHapticEnvironment\Debug\link-cvtres.write.1.tlog
D:\sawyerHapticEnvironment\Debug\mt.command.1.tlog
D:\sawyerHapticEnvironment\Debug\mt.read.1.tlog
D:\sawyerHapticEnvironment\Debug\mt.write.1.tlog
D:\sawyerHapticEnvironment\Debug\porridgeEnvSetup.obj
D:\sawyerHapticEnvironment\Debug\rc.command.1.tlog
D:\sawyerHapticEnvironment\Debug\rc.read.1.tlog
D:\sawyerHapticEnvironment\Debug\rc.write.1.tlog
D:\sawyerHapticEnvironment\Debug\sawyerHapticEnvironment.exe
D:\sawyerHapticEnvironment\Debug\sawyerHapticEnvironment.exe.embed.manifest
D:\sawyerHapticEnvironment\Debug\sawyerHapticEnvironment.exe.embed.manifest.res
D:\sawyerHapticEnvironment\Debug\sawyerHapticEnvironment.exe.intermediate.manifest
D:\sawyerHapticEnvironment\Debug\sawyerHapticEnvironment.ilk
D:\sawyerHapticEnvironment\Debug\sawyerHapticEnvironment.pdb
D:\sawyerHapticEnvironment\Debug\sawyerHapticEnvironment_manifest.rc
D:\sawyerHapticEnvironment\Debug\Timer.obj
D:\sawyerHapticEnvironment\Debug\vc100.idb
D:\sawyerHapticEnvironment\Debug\vc100.pdb
